Flow report for MainCoffeeMachine
Wed Jun 07 20:42:10 2023
Quartus II Version 9.0 Build 235 06/17/2009 Service Pack 2 SJ Web Edition


---------------------
; Table of Contents ;
---------------------
  1. Legal Notice
  2. Flow Summary
  3. Flow Settings
  4. Flow Non-Default Global Settings
  5. Flow Elapsed Time
  6. Flow OS Summary
  7. Flow Log



----------------
; Legal Notice ;
----------------
Copyright (C) 1991-2009 Altera Corporation
Your use of Altera Corporation's design tools, logic functions 
and other software and tools, and its AMPP partner logic 
functions, and any output files from any of the foregoing 
(including device programming or simulation files), and any 
associated documentation or information are expressly subject 
to the terms and conditions of the Altera Program License 
Subscription Agreement, Altera MegaCore Function License 
Agreement, or other applicable license agreement, including, 
without limitation, that your use is for the sole purpose of 
programming logic devices manufactured by Altera and sold by 
Altera or its authorized distributors.  Please refer to the 
applicable agreement for further details.



+------------------------------------------------------------------------+
; Flow Summary                                                           ;
+-------------------------+----------------------------------------------+
; Flow Status             ; Successful - Wed Jun 07 20:42:10 2023        ;
; Quartus II Version      ; 9.0 Build 235 06/17/2009 SP 2 SJ Web Edition ;
; Revision Name           ; MainCoffeeMachine                            ;
; Top-level Entity Name   ; MainCoffeeMachine                            ;
; Family                  ; MAX II                                       ;
; Device                  ; EPM240T100C5                                 ;
; Timing Models           ; Final                                        ;
; Met timing requirements ; Yes                                          ;
; Total logic elements    ; 93 / 240 ( 39 % )                            ;
; Total pins              ; 24 / 80 ( 30 % )                             ;
; Total virtual pins      ; 0                                            ;
; UFM blocks              ; 0 / 1 ( 0 % )                                ;
+-------------------------+----------------------------------------------+


+-----------------------------------------+
; Flow Settings                           ;
+-------------------+---------------------+
; Option            ; Setting             ;
+-------------------+---------------------+
; Start date & time ; 06/07/2023 20:42:05 ;
; Main task         ; Compilation         ;
; Revision Name     ; MainCoffeeMachine   ;
+-------------------+---------------------+


+-------------------------------------------------------------------------------------------------------------------------------------------------------------------------------------------------------------+
; Flow Non-Default Global Settings                                                                                                                                                                            ;
+---------------------------------------+---------------------------------------------------------------------------------------------------+---------------+-------------+-----------------------------------+
; Assignment Name                       ; Value                                                                                             ; Default Value ; Entity Name ; Section Id                        ;
+---------------------------------------+---------------------------------------------------------------------------------------------------+---------------+-------------+-----------------------------------+
; COMPILER_SIGNATURE_ID                 ; 110073156606586.168618132413720                                                                   ; --            ; --          ; --                                ;
; EDA_GENERATE_FUNCTIONAL_NETLIST       ; Off                                                                                               ; --            ; --          ; eda_board_design_timing           ;
; EDA_GENERATE_FUNCTIONAL_NETLIST       ; Off                                                                                               ; --            ; --          ; eda_board_design_symbol           ;
; EDA_GENERATE_FUNCTIONAL_NETLIST       ; Off                                                                                               ; --            ; --          ; eda_board_design_signal_integrity ;
; EDA_GENERATE_FUNCTIONAL_NETLIST       ; Off                                                                                               ; --            ; --          ; eda_board_design_boundary_scan    ;
; EDA_OUTPUT_DATA_FORMAT                ; Verilog Hdl                                                                                       ; --            ; --          ; eda_simulation                    ;
; EDA_SIMULATION_TOOL                   ; ModelSim-Altera (Verilog)                                                                         ; <None>        ; --          ; --                                ;
; EDA_TIME_SCALE                        ; 1 ps                                                                                              ; --            ; --          ; eda_simulation                    ;
; MAX_CORE_JUNCTION_TEMP                ; 85                                                                                                ; --            ; --          ; --                                ;
; MIN_CORE_JUNCTION_TEMP                ; 0                                                                                                 ; --            ; --          ; --                                ;
; MISC_FILE                             ; C:/Users/usuario/Desktop/Douglas/coffee-machine/protótipo/MainCoffeeMachine/MainCoffeeMachine.dpf ; --            ; --          ; --                                ;
; POWER_EXT_SUPPLY_VOLTAGE_TO_REGULATOR ; 3.3V                                                                                              ; --            ; --          ; --                                ;
; PROJECT_OUTPUT_DIRECTORY              ; output_files                                                                                      ; --            ; --          ; --                                ;
+---------------------------------------+---------------------------------------------------------------------------------------------------+---------------+-------------+-----------------------------------+


+-----------------------------------------------------------------------------------------------------------------------------+
; Flow Elapsed Time                                                                                                           ;
+-------------------------+--------------+-------------------------+---------------------+------------------------------------+
; Module Name             ; Elapsed Time ; Average Processors Used ; Peak Virtual Memory ; Total CPU Time (on all processors) ;
+-------------------------+--------------+-------------------------+---------------------+------------------------------------+
; Analysis & Synthesis    ; 00:00:02     ; 1.0                     ; 226 MB              ; 00:00:01                           ;
; Fitter                  ; 00:00:00     ; 1.0                     ; 214 MB              ; 00:00:00                           ;
; Assembler               ; 00:00:00     ; 1.0                     ; 190 MB              ; 00:00:00                           ;
; Classic Timing Analyzer ; 00:00:00     ; 1.0                     ; 160 MB              ; 00:00:00                           ;
; EDA Netlist Writer      ; 00:00:00     ; 1.0                     ; 152 MB              ; 00:00:00                           ;
; Total                   ; 00:00:02     ; --                      ; --                  ; 00:00:01                           ;
+-------------------------+--------------+-------------------------+---------------------+------------------------------------+


+------------------------------------------------------------------------------------------+
; Flow OS Summary                                                                          ;
+-------------------------+------------------+---------------+------------+----------------+
; Module Name             ; Machine Hostname ; OS Name       ; OS Version ; Processor type ;
+-------------------------+------------------+---------------+------------+----------------+
; Analysis & Synthesis    ; legiao           ; Windows Vista ; 6.2        ; x86_64         ;
; Fitter                  ; legiao           ; Windows Vista ; 6.2        ; x86_64         ;
; Assembler               ; legiao           ; Windows Vista ; 6.2        ; x86_64         ;
; Classic Timing Analyzer ; legiao           ; Windows Vista ; 6.2        ; x86_64         ;
; EDA Netlist Writer      ; legiao           ; Windows Vista ; 6.2        ; x86_64         ;
+-------------------------+------------------+---------------+------------+----------------+


------------
; Flow Log ;
------------
quartus_map --read_settings_files=on --write_settings_files=off MainCoffeeMachine -c MainCoffeeMachine
quartus_fit --read_settings_files=off --write_settings_files=off MainCoffeeMachine -c MainCoffeeMachine
quartus_asm --read_settings_files=off --write_settings_files=off MainCoffeeMachine -c MainCoffeeMachine
quartus_tan --read_settings_files=off --write_settings_files=off MainCoffeeMachine -c MainCoffeeMachine
quartus_eda --read_settings_files=off --write_settings_files=off MainCoffeeMachine -c MainCoffeeMachine



