Classic Timing Analyzer report for MainCoffeeMachine
Wed Jun 07 18:55:24 2023
Quartus II Version 9.0 Build 235 06/17/2009 Service Pack 2 SJ Web Edition


---------------------
; Table of Contents ;
---------------------
  1. Legal Notice
  2. Timing Analyzer Summary
  3. Timing Analyzer Settings
  4. Clock Settings Summary
  5. Parallel Compilation
  6. Clock Setup: 'CLK'
  7. tsu
  8. tco
  9. tpd
 10. th
 11. Timing Analyzer Messages



----------------
; Legal Notice ;
----------------
Copyright (C) 1991-2009 Altera Corporation
Your use of Altera Corporation's design tools, logic functions 
and other software and tools, and its AMPP partner logic 
functions, and any output files from any of the foregoing 
(including device programming or simulation files), and any 
associated documentation or information are expressly subject 
to the terms and conditions of the Altera Program License 
Subscription Agreement, Altera MegaCore Function License 
Agreement, or other applicable license agreement, including, 
without limitation, that your use is for the sole purpose of 
programming logic devices manufactured by Altera and sold by 
Altera or its authorized distributors.  Please refer to the 
applicable agreement for further details.



+--------------------------------------------------------------------------------------------------------------------------------------------------------------------------------------------------+
; Timing Analyzer Summary                                                                                                                                                                          ;
+------------------------------+-------+---------------+----------------------------------+--------------------------------+--------------------------------+------------+----------+--------------+
; Type                         ; Slack ; Required Time ; Actual Time                      ; From                           ; To                             ; From Clock ; To Clock ; Failed Paths ;
+------------------------------+-------+---------------+----------------------------------+--------------------------------+--------------------------------+------------+----------+--------------+
; Worst-case tsu               ; N/A   ; None          ; 5.764 ns                         ; A                              ; MefCoffeeMachine:INST|FFD:D1|Q ; --         ; CLK      ; 0            ;
; Worst-case tco               ; N/A   ; None          ; 13.833 ns                        ; MefCoffeeMachine:INST|FFD:D2|Q ; M                              ; CLK        ; --       ; 0            ;
; Worst-case tpd               ; N/A   ; None          ; 12.122 ns                        ; A                              ; S2                             ; --         ; --       ; 0            ;
; Worst-case th                ; N/A   ; None          ; -2.109 ns                        ; SR                             ; MefCoffeeMachine:INST|FFD:D2|Q ; --         ; CLK      ; 0            ;
; Clock Setup: 'CLK'           ; N/A   ; None          ; 151.26 MHz ( period = 6.611 ns ) ; MefCoffeeMachine:INST|FFD:D1|Q ; MefCoffeeMachine:INST|FFD:D0|Q ; CLK        ; CLK      ; 0            ;
; Total number of failed paths ;       ;               ;                                  ;                                ;                                ;            ;          ; 0            ;
+------------------------------+-------+---------------+----------------------------------+--------------------------------+--------------------------------+------------+----------+--------------+


+--------------------------------------------------------------------------------------------------------------------+
; Timing Analyzer Settings                                                                                           ;
+---------------------------------------------------------------------+--------------------+------+----+-------------+
; Option                                                              ; Setting            ; From ; To ; Entity Name ;
+---------------------------------------------------------------------+--------------------+------+----+-------------+
; Device Name                                                         ; EPM240T100C5       ;      ;    ;             ;
; Timing Models                                                       ; Final              ;      ;    ;             ;
; Default hold multicycle                                             ; Same as Multicycle ;      ;    ;             ;
; Cut paths between unrelated clock domains                           ; On                 ;      ;    ;             ;
; Cut off read during write signal paths                              ; On                 ;      ;    ;             ;
; Cut off feedback from I/O pins                                      ; On                 ;      ;    ;             ;
; Report Combined Fast/Slow Timing                                    ; Off                ;      ;    ;             ;
; Ignore Clock Settings                                               ; Off                ;      ;    ;             ;
; Analyze latches as synchronous elements                             ; On                 ;      ;    ;             ;
; Enable Recovery/Removal analysis                                    ; Off                ;      ;    ;             ;
; Enable Clock Latency                                                ; Off                ;      ;    ;             ;
; Use TimeQuest Timing Analyzer                                       ; Off                ;      ;    ;             ;
; Minimum Core Junction Temperature                                   ; 0                  ;      ;    ;             ;
; Maximum Core Junction Temperature                                   ; 85                 ;      ;    ;             ;
; Number of source nodes to report per destination node               ; 10                 ;      ;    ;             ;
; Number of destination nodes to report                               ; 10                 ;      ;    ;             ;
; Number of paths to report                                           ; 200                ;      ;    ;             ;
; Report Minimum Timing Checks                                        ; Off                ;      ;    ;             ;
; Use Fast Timing Models                                              ; Off                ;      ;    ;             ;
; Report IO Paths Separately                                          ; Off                ;      ;    ;             ;
; Perform Multicorner Analysis                                        ; Off                ;      ;    ;             ;
; Reports the worst-case path for each clock domain and analysis      ; Off                ;      ;    ;             ;
; Removes common clock path pessimism (CCPP) during slack computation ; Off                ;      ;    ;             ;
; Output I/O Timing Endpoint                                          ; Near End           ;      ;    ;             ;
+---------------------------------------------------------------------+--------------------+------+----+-------------+


+------------------------------------------------------------------------------------------------------------------------------------------------------------------------------------+
; Clock Settings Summary                                                                                                                                                             ;
+-----------------+--------------------+----------+------------------+---------------+--------------+----------+-----------------------+---------------------+--------+--------------+
; Clock Node Name ; Clock Setting Name ; Type     ; Fmax Requirement ; Early Latency ; Late Latency ; Based on ; Multiply Base Fmax by ; Divide Base Fmax by ; Offset ; Phase offset ;
+-----------------+--------------------+----------+------------------+---------------+--------------+----------+-----------------------+---------------------+--------+--------------+
; CLK             ;                    ; User Pin ; None             ; 0.000 ns      ; 0.000 ns     ; --       ; N/A                   ; N/A                 ; N/A    ;              ;
+-----------------+--------------------+----------+------------------+---------------+--------------+----------+-----------------------+---------------------+--------+--------------+


Parallel compilation was disabled, but you have multiple processors available. Enable parallel compilation to reduce compilation time.
+-------------------------------------+
; Parallel Compilation                ;
+----------------------------+--------+
; Processors                 ; Number ;
+----------------------------+--------+
; Number detected on machine ; 4      ;
; Maximum allowed            ; 1      ;
+----------------------------+--------+


+--------------------------------------------------------------------------------------------------------------------------------------------------------------------------------------------------------------------------------------------------------------------------+
; Clock Setup: 'CLK'                                                                                                                                                                                                                                                       ;
+-------+------------------------------------------------+--------------------------------------------------+--------------------------------------------------+------------+----------+-----------------------------+---------------------------+-------------------------+
; Slack ; Actual fmax (period)                           ; From                                             ; To                                               ; From Clock ; To Clock ; Required Setup Relationship ; Required Longest P2P Time ; Actual Longest P2P Time ;
+-------+------------------------------------------------+--------------------------------------------------+--------------------------------------------------+------------+----------+-----------------------------+---------------------------+-------------------------+
; N/A   ; 151.26 MHz ( period = 6.611 ns )               ; MefCoffeeMachine:INST|FFD:D1|Q                   ; MefCoffeeMachine:INST|FFD:D0|Q                   ; CLK        ; CLK      ; None                        ; None                      ; 5.902 ns                ;
; N/A   ; 160.05 MHz ( period = 6.248 ns )               ; MefCoffeeMachine:INST|FFD:D3|Q                   ; MefCoffeeMachine:INST|FFD:D1|Q                   ; CLK        ; CLK      ; None                        ; None                      ; 5.539 ns                ;
; N/A   ; 162.34 MHz ( period = 6.160 ns )               ; MefCoffeeMachine:INST|FFD:D0|Q                   ; MefCoffeeMachine:INST|FFD:D1|Q                   ; CLK        ; CLK      ; None                        ; None                      ; 5.451 ns                ;
; N/A   ; 164.74 MHz ( period = 6.070 ns )               ; MefCoffeeMachine:INST|FFD:D2|Q                   ; MefCoffeeMachine:INST|FFD:D0|Q                   ; CLK        ; CLK      ; None                        ; None                      ; 5.361 ns                ;
; N/A   ; 168.66 MHz ( period = 5.929 ns )               ; MefCoffeeMachine:INST|FFD:D0|Q                   ; MefCoffeeMachine:INST|FFD:D0|Q                   ; CLK        ; CLK      ; None                        ; None                      ; 5.220 ns                ;
; N/A   ; 168.98 MHz ( period = 5.918 ns )               ; MefCoffeeMachine:INST|FFD:D3|Q                   ; MefCoffeeMachine:INST|FFD:D0|Q                   ; CLK        ; CLK      ; None                        ; None                      ; 5.209 ns                ;
; N/A   ; 169.81 MHz ( period = 5.889 ns )               ; MefCoffeeMachine:INST|FFD:D1|Q                   ; MefCoffeeMachine:INST|FFD:D1|Q                   ; CLK        ; CLK      ; None                        ; None                      ; 5.180 ns                ;
; N/A   ; 173.82 MHz ( period = 5.753 ns )               ; MefCoffeeMachine:INST|FFD:D2|Q                   ; MefCoffeeMachine:INST|FFD:D3|Q                   ; CLK        ; CLK      ; None                        ; None                      ; 5.044 ns                ;
; N/A   ; 190.95 MHz ( period = 5.237 ns )               ; MefCoffeeMachine:INST|FFD:D3|Q                   ; MefCoffeeMachine:INST|FFD:D3|Q                   ; CLK        ; CLK      ; None                        ; None                      ; 4.528 ns                ;
; N/A   ; 196.46 MHz ( period = 5.090 ns )               ; MefCoffeeMachine:INST|FFD:D2|Q                   ; MefCoffeeMachine:INST|FFD:D1|Q                   ; CLK        ; CLK      ; None                        ; None                      ; 4.381 ns                ;
; N/A   ; 199.52 MHz ( period = 5.012 ns )               ; MefCoffeeMachine:INST|FFD:D0|Q                   ; MefCoffeeMachine:INST|FFD:D3|Q                   ; CLK        ; CLK      ; None                        ; None                      ; 4.303 ns                ;
; N/A   ; 201.21 MHz ( period = 4.970 ns )               ; MefCoffeeMachine:INST|FFD:D3|Q                   ; MefCoffeeMachine:INST|FFD:D2|Q                   ; CLK        ; CLK      ; None                        ; None                      ; 4.261 ns                ;
; N/A   ; 202.27 MHz ( period = 4.944 ns )               ; MefCoffeeMachine:INST|FFD:D2|Q                   ; MefCoffeeMachine:INST|FFD:D2|Q                   ; CLK        ; CLK      ; None                        ; None                      ; 4.235 ns                ;
; N/A   ; 203.25 MHz ( period = 4.920 ns )               ; MefCoffeeMachine:INST|FFD:D1|Q                   ; MefCoffeeMachine:INST|FFD:D3|Q                   ; CLK        ; CLK      ; None                        ; None                      ; 4.211 ns                ;
; N/A   ; 218.05 MHz ( period = 4.586 ns )               ; MefCoffeeMachine:INST|FFD:D1|Q                   ; MefCoffeeMachine:INST|FFD:D2|Q                   ; CLK        ; CLK      ; None                        ; None                      ; 3.877 ns                ;
; N/A   ; 220.51 MHz ( period = 4.535 ns )               ; MefCoffeeMachine:INST|FFD:D0|Q                   ; MefCoffeeMachine:INST|FFD:D2|Q                   ; CLK        ; CLK      ; None                        ; None                      ; 3.826 ns                ;
; N/A   ; Restricted to 304.04 MHz ( period = 3.289 ns ) ; Decoders:INST2|Contador:comb_4|FlipflopT:inst1|Q ; Decoders:INST2|Contador:comb_4|FlipflopT:inst1|Q ; CLK        ; CLK      ; None                        ; None                      ; 1.522 ns                ;
; N/A   ; Restricted to 304.04 MHz ( period = 3.289 ns ) ; Decoders:INST2|Contador:comb_4|FlipflopT:inst2|Q ; Decoders:INST2|Contador:comb_4|FlipflopT:inst2|Q ; CLK        ; CLK      ; None                        ; None                      ; 1.504 ns                ;
+-------+------------------------------------------------+--------------------------------------------------+--------------------------------------------------+------------+----------+-----------------------------+---------------------------+-------------------------+


+--------------------------------------------------------------------------------------+
; tsu                                                                                  ;
+-------+--------------+------------+------+--------------------------------+----------+
; Slack ; Required tsu ; Actual tsu ; From ; To                             ; To Clock ;
+-------+--------------+------------+------+--------------------------------+----------+
; N/A   ; None         ; 5.764 ns   ; A    ; MefCoffeeMachine:INST|FFD:D1|Q ; CLK      ;
; N/A   ; None         ; 5.693 ns   ; VL   ; MefCoffeeMachine:INST|FFD:D1|Q ; CLK      ;
; N/A   ; None         ; 5.209 ns   ; SP   ; MefCoffeeMachine:INST|FFD:D3|Q ; CLK      ;
; N/A   ; None         ; 4.950 ns   ; SR   ; MefCoffeeMachine:INST|FFD:D3|Q ; CLK      ;
; N/A   ; None         ; 4.849 ns   ; B1   ; MefCoffeeMachine:INST|FFD:D1|Q ; CLK      ;
; N/A   ; None         ; 4.809 ns   ; A    ; MefCoffeeMachine:INST|FFD:D0|Q ; CLK      ;
; N/A   ; None         ; 4.738 ns   ; VL   ; MefCoffeeMachine:INST|FFD:D0|Q ; CLK      ;
; N/A   ; None         ; 4.723 ns   ; B0   ; MefCoffeeMachine:INST|FFD:D1|Q ; CLK      ;
; N/A   ; None         ; 4.578 ns   ; SP   ; MefCoffeeMachine:INST|FFD:D1|Q ; CLK      ;
; N/A   ; None         ; 4.555 ns   ; A    ; MefCoffeeMachine:INST|FFD:D3|Q ; CLK      ;
; N/A   ; None         ; 4.531 ns   ; SN   ; MefCoffeeMachine:INST|FFD:D1|Q ; CLK      ;
; N/A   ; None         ; 4.526 ns   ; B0   ; MefCoffeeMachine:INST|FFD:D3|Q ; CLK      ;
; N/A   ; None         ; 4.484 ns   ; VL   ; MefCoffeeMachine:INST|FFD:D3|Q ; CLK      ;
; N/A   ; None         ; 4.434 ns   ; SR   ; MefCoffeeMachine:INST|FFD:D1|Q ; CLK      ;
; N/A   ; None         ; 4.409 ns   ; B0   ; MefCoffeeMachine:INST|FFD:D2|Q ; CLK      ;
; N/A   ; None         ; 4.252 ns   ; B1   ; MefCoffeeMachine:INST|FFD:D0|Q ; CLK      ;
; N/A   ; None         ; 4.250 ns   ; SN   ; MefCoffeeMachine:INST|FFD:D3|Q ; CLK      ;
; N/A   ; None         ; 4.215 ns   ; B1   ; MefCoffeeMachine:INST|FFD:D3|Q ; CLK      ;
; N/A   ; None         ; 4.098 ns   ; B1   ; MefCoffeeMachine:INST|FFD:D2|Q ; CLK      ;
; N/A   ; None         ; 4.080 ns   ; SR   ; MefCoffeeMachine:INST|FFD:D0|Q ; CLK      ;
; N/A   ; None         ; 3.934 ns   ; SN   ; MefCoffeeMachine:INST|FFD:D0|Q ; CLK      ;
; N/A   ; None         ; 3.687 ns   ; SP   ; MefCoffeeMachine:INST|FFD:D0|Q ; CLK      ;
; N/A   ; None         ; 3.675 ns   ; VL   ; MefCoffeeMachine:INST|FFD:D2|Q ; CLK      ;
; N/A   ; None         ; 3.358 ns   ; SP   ; MefCoffeeMachine:INST|FFD:D2|Q ; CLK      ;
; N/A   ; None         ; 2.953 ns   ; A    ; MefCoffeeMachine:INST|FFD:D2|Q ; CLK      ;
; N/A   ; None         ; 2.917 ns   ; SN   ; MefCoffeeMachine:INST|FFD:D2|Q ; CLK      ;
; N/A   ; None         ; 2.663 ns   ; SR   ; MefCoffeeMachine:INST|FFD:D2|Q ; CLK      ;
+-------+--------------+------------+------+--------------------------------+----------+


+--------------------------------------------------------------------------------------------------------+
; tco                                                                                                    ;
+-------+--------------+------------+--------------------------------------------------+----+------------+
; Slack ; Required tco ; Actual tco ; From                                             ; To ; From Clock ;
+-------+--------------+------------+--------------------------------------------------+----+------------+
; N/A   ; None         ; 13.833 ns  ; MefCoffeeMachine:INST|FFD:D2|Q                   ; M  ; CLK        ;
; N/A   ; None         ; 13.546 ns  ; MefCoffeeMachine:INST|FFD:D1|Q                   ; M  ; CLK        ;
; N/A   ; None         ; 13.504 ns  ; MefCoffeeMachine:INST|FFD:D1|Q                   ; S3 ; CLK        ;
; N/A   ; None         ; 13.475 ns  ; MefCoffeeMachine:INST|FFD:D2|Q                   ; E0 ; CLK        ;
; N/A   ; None         ; 13.444 ns  ; MefCoffeeMachine:INST|FFD:D2|Q                   ; PP ; CLK        ;
; N/A   ; None         ; 13.443 ns  ; MefCoffeeMachine:INST|FFD:D0|Q                   ; S3 ; CLK        ;
; N/A   ; None         ; 13.368 ns  ; MefCoffeeMachine:INST|FFD:D2|Q                   ; AQ ; CLK        ;
; N/A   ; None         ; 13.356 ns  ; MefCoffeeMachine:INST|FFD:D0|Q                   ; M  ; CLK        ;
; N/A   ; None         ; 13.356 ns  ; MefCoffeeMachine:INST|FFD:D0|Q                   ; S2 ; CLK        ;
; N/A   ; None         ; 13.197 ns  ; MefCoffeeMachine:INST|FFD:D1|Q                   ; S2 ; CLK        ;
; N/A   ; None         ; 13.150 ns  ; MefCoffeeMachine:INST|FFD:D2|Q                   ; P  ; CLK        ;
; N/A   ; None         ; 13.111 ns  ; MefCoffeeMachine:INST|FFD:D2|Q                   ; S0 ; CLK        ;
; N/A   ; None         ; 13.106 ns  ; MefCoffeeMachine:INST|FFD:D3|Q                   ; M  ; CLK        ;
; N/A   ; None         ; 13.084 ns  ; MefCoffeeMachine:INST|FFD:D2|Q                   ; S1 ; CLK        ;
; N/A   ; None         ; 13.011 ns  ; MefCoffeeMachine:INST|FFD:D1|Q                   ; E0 ; CLK        ;
; N/A   ; None         ; 12.941 ns  ; MefCoffeeMachine:INST|FFD:D3|Q                   ; E3 ; CLK        ;
; N/A   ; None         ; 12.829 ns  ; MefCoffeeMachine:INST|FFD:D3|Q                   ; S2 ; CLK        ;
; N/A   ; None         ; 12.682 ns  ; MefCoffeeMachine:INST|FFD:D0|Q                   ; E3 ; CLK        ;
; N/A   ; None         ; 12.594 ns  ; MefCoffeeMachine:INST|FFD:D0|Q                   ; P  ; CLK        ;
; N/A   ; None         ; 12.582 ns  ; MefCoffeeMachine:INST|FFD:D1|Q                   ; E3 ; CLK        ;
; N/A   ; None         ; 12.534 ns  ; MefCoffeeMachine:INST|FFD:D3|Q                   ; S3 ; CLK        ;
; N/A   ; None         ; 12.530 ns  ; MefCoffeeMachine:INST|FFD:D2|Q                   ; S3 ; CLK        ;
; N/A   ; None         ; 12.478 ns  ; MefCoffeeMachine:INST|FFD:D1|Q                   ; P  ; CLK        ;
; N/A   ; None         ; 12.254 ns  ; MefCoffeeMachine:INST|FFD:D3|Q                   ; PP ; CLK        ;
; N/A   ; None         ; 12.238 ns  ; MefCoffeeMachine:INST|FFD:D3|Q                   ; S0 ; CLK        ;
; N/A   ; None         ; 12.234 ns  ; MefCoffeeMachine:INST|FFD:D3|Q                   ; E0 ; CLK        ;
; N/A   ; None         ; 12.178 ns  ; MefCoffeeMachine:INST|FFD:D3|Q                   ; AQ ; CLK        ;
; N/A   ; None         ; 12.081 ns  ; MefCoffeeMachine:INST|FFD:D2|Q                   ; S2 ; CLK        ;
; N/A   ; None         ; 11.962 ns  ; MefCoffeeMachine:INST|FFD:D0|Q                   ; S0 ; CLK        ;
; N/A   ; None         ; 11.788 ns  ; MefCoffeeMachine:INST|FFD:D0|Q                   ; E1 ; CLK        ;
; N/A   ; None         ; 11.778 ns  ; MefCoffeeMachine:INST|FFD:D2|Q                   ; E1 ; CLK        ;
; N/A   ; None         ; 11.760 ns  ; MefCoffeeMachine:INST|FFD:D3|Q                   ; P  ; CLK        ;
; N/A   ; None         ; 11.741 ns  ; MefCoffeeMachine:INST|FFD:D3|Q                   ; S1 ; CLK        ;
; N/A   ; None         ; 11.666 ns  ; MefCoffeeMachine:INST|FFD:D1|Q                   ; E1 ; CLK        ;
; N/A   ; None         ; 11.512 ns  ; MefCoffeeMachine:INST|FFD:D1|Q                   ; PP ; CLK        ;
; N/A   ; None         ; 11.435 ns  ; MefCoffeeMachine:INST|FFD:D1|Q                   ; AQ ; CLK        ;
; N/A   ; None         ; 11.434 ns  ; MefCoffeeMachine:INST|FFD:D1|Q                   ; S1 ; CLK        ;
; N/A   ; None         ; 11.350 ns  ; MefCoffeeMachine:INST|FFD:D0|Q                   ; PP ; CLK        ;
; N/A   ; None         ; 11.290 ns  ; MefCoffeeMachine:INST|FFD:D3|Q                   ; E2 ; CLK        ;
; N/A   ; None         ; 11.275 ns  ; MefCoffeeMachine:INST|FFD:D0|Q                   ; AQ ; CLK        ;
; N/A   ; None         ; 11.274 ns  ; MefCoffeeMachine:INST|FFD:D1|Q                   ; S0 ; CLK        ;
; N/A   ; None         ; 11.215 ns  ; Decoders:INST2|Contador:comb_4|FlipflopT:inst2|Q ; b  ; CLK        ;
; N/A   ; None         ; 11.092 ns  ; MefCoffeeMachine:INST|FFD:D2|Q                   ; E3 ; CLK        ;
; N/A   ; None         ; 11.075 ns  ; MefCoffeeMachine:INST|FFD:D1|Q                   ; E2 ; CLK        ;
; N/A   ; None         ; 11.046 ns  ; MefCoffeeMachine:INST|FFD:D2|Q                   ; E2 ; CLK        ;
; N/A   ; None         ; 10.944 ns  ; MefCoffeeMachine:INST|FFD:D0|Q                   ; S1 ; CLK        ;
; N/A   ; None         ; 10.667 ns  ; MefCoffeeMachine:INST|FFD:D0|Q                   ; E2 ; CLK        ;
; N/A   ; None         ; 10.593 ns  ; MefCoffeeMachine:INST|FFD:D3|Q                   ; E1 ; CLK        ;
; N/A   ; None         ; 9.738 ns   ; Decoders:INST2|Contador:comb_4|FlipflopT:inst1|Q ; b  ; CLK        ;
; N/A   ; None         ; 8.741 ns   ; Decoders:INST2|Contador:comb_4|FlipflopT:inst1|Q ; c  ; CLK        ;
+-------+--------------+------------+--------------------------------------------------+----+------------+


+---------------------------------------------------------+
; tpd                                                     ;
+-------+-------------------+-----------------+------+----+
; Slack ; Required P2P Time ; Actual P2P Time ; From ; To ;
+-------+-------------------+-----------------+------+----+
; N/A   ; None              ; 12.122 ns       ; A    ; S2 ;
; N/A   ; None              ; 12.065 ns       ; SN   ; S0 ;
; N/A   ; None              ; 12.051 ns       ; VL   ; S2 ;
; N/A   ; None              ; 12.038 ns       ; SN   ; S1 ;
; N/A   ; None              ; 11.997 ns       ; SR   ; S0 ;
; N/A   ; None              ; 11.970 ns       ; SR   ; S1 ;
; N/A   ; None              ; 11.797 ns       ; SP   ; S0 ;
; N/A   ; None              ; 11.770 ns       ; SP   ; S1 ;
; N/A   ; None              ; 11.589 ns       ; A    ; S0 ;
; N/A   ; None              ; 11.573 ns       ; B0   ; S3 ;
; N/A   ; None              ; 11.562 ns       ; A    ; S1 ;
; N/A   ; None              ; 11.537 ns       ; SP   ; S2 ;
; N/A   ; None              ; 11.518 ns       ; VL   ; S0 ;
; N/A   ; None              ; 11.491 ns       ; VL   ; S1 ;
; N/A   ; None              ; 11.485 ns       ; VL   ; S3 ;
; N/A   ; None              ; 11.461 ns       ; SN   ; S3 ;
; N/A   ; None              ; 11.393 ns       ; SR   ; S3 ;
; N/A   ; None              ; 11.278 ns       ; SR   ; S2 ;
; N/A   ; None              ; 11.262 ns       ; B1   ; S3 ;
; N/A   ; None              ; 11.218 ns       ; SN   ; PP ;
; N/A   ; None              ; 11.201 ns       ; SP   ; M  ;
; N/A   ; None              ; 11.193 ns       ; SP   ; S3 ;
; N/A   ; None              ; 11.150 ns       ; SR   ; PP ;
; N/A   ; None              ; 11.132 ns       ; SN   ; AQ ;
; N/A   ; None              ; 11.064 ns       ; SR   ; AQ ;
; N/A   ; None              ; 11.002 ns       ; SN   ; M  ;
; N/A   ; None              ; 11.002 ns       ; SN   ; P  ;
; N/A   ; None              ; 10.950 ns       ; SP   ; PP ;
; N/A   ; None              ; 10.934 ns       ; SR   ; P  ;
; N/A   ; None              ; 10.864 ns       ; SP   ; AQ ;
; N/A   ; None              ; 10.794 ns       ; B0   ; S0 ;
; N/A   ; None              ; 10.767 ns       ; B0   ; S1 ;
; N/A   ; None              ; 10.734 ns       ; SP   ; P  ;
; N/A   ; None              ; 10.578 ns       ; SN   ; S2 ;
; N/A   ; None              ; 10.565 ns       ; B1   ; S1 ;
; N/A   ; None              ; 10.188 ns       ; A    ; S3 ;
; N/A   ; None              ; 10.170 ns       ; A    ; M  ;
; N/A   ; None              ; 10.079 ns       ; SR   ; E0 ;
; N/A   ; None              ; 10.000 ns       ; SR   ; M  ;
; N/A   ; None              ; 9.993 ns        ; SR   ; E1 ;
; N/A   ; None              ; 9.911 ns        ; SP   ; E3 ;
; N/A   ; None              ; 9.825 ns        ; VL   ; E3 ;
; N/A   ; None              ; 9.627 ns        ; B1   ; S2 ;
; N/A   ; None              ; 9.546 ns        ; SP   ; E1 ;
; N/A   ; None              ; 9.506 ns        ; A    ; E3 ;
; N/A   ; None              ; 9.473 ns        ; SN   ; E2 ;
; N/A   ; None              ; 9.470 ns        ; SN   ; E3 ;
; N/A   ; None              ; 9.381 ns        ; B0   ; S2 ;
; N/A   ; None              ; 9.370 ns        ; SP   ; E2 ;
; N/A   ; None              ; 9.348 ns        ; SR   ; E2 ;
; N/A   ; None              ; 9.216 ns        ; SR   ; E3 ;
; N/A   ; None              ; 8.889 ns        ; VL   ; M  ;
; N/A   ; None              ; 8.881 ns        ; B1   ; S0 ;
+-------+-------------------+-----------------+------+----+


+--------------------------------------------------------------------------------------------+
; th                                                                                         ;
+---------------+-------------+-----------+------+--------------------------------+----------+
; Minimum Slack ; Required th ; Actual th ; From ; To                             ; To Clock ;
+---------------+-------------+-----------+------+--------------------------------+----------+
; N/A           ; None        ; -2.109 ns ; SR   ; MefCoffeeMachine:INST|FFD:D2|Q ; CLK      ;
; N/A           ; None        ; -2.363 ns ; SN   ; MefCoffeeMachine:INST|FFD:D2|Q ; CLK      ;
; N/A           ; None        ; -2.399 ns ; A    ; MefCoffeeMachine:INST|FFD:D2|Q ; CLK      ;
; N/A           ; None        ; -2.804 ns ; SP   ; MefCoffeeMachine:INST|FFD:D2|Q ; CLK      ;
; N/A           ; None        ; -2.970 ns ; SP   ; MefCoffeeMachine:INST|FFD:D1|Q ; CLK      ;
; N/A           ; None        ; -2.999 ns ; SN   ; MefCoffeeMachine:INST|FFD:D0|Q ; CLK      ;
; N/A           ; None        ; -3.121 ns ; VL   ; MefCoffeeMachine:INST|FFD:D2|Q ; CLK      ;
; N/A           ; None        ; -3.133 ns ; SP   ; MefCoffeeMachine:INST|FFD:D0|Q ; CLK      ;
; N/A           ; None        ; -3.346 ns ; SR   ; MefCoffeeMachine:INST|FFD:D0|Q ; CLK      ;
; N/A           ; None        ; -3.544 ns ; B1   ; MefCoffeeMachine:INST|FFD:D2|Q ; CLK      ;
; N/A           ; None        ; -3.661 ns ; B1   ; MefCoffeeMachine:INST|FFD:D3|Q ; CLK      ;
; N/A           ; None        ; -3.696 ns ; SN   ; MefCoffeeMachine:INST|FFD:D3|Q ; CLK      ;
; N/A           ; None        ; -3.698 ns ; B1   ; MefCoffeeMachine:INST|FFD:D0|Q ; CLK      ;
; N/A           ; None        ; -3.788 ns ; SR   ; MefCoffeeMachine:INST|FFD:D1|Q ; CLK      ;
; N/A           ; None        ; -3.825 ns ; SN   ; MefCoffeeMachine:INST|FFD:D1|Q ; CLK      ;
; N/A           ; None        ; -3.855 ns ; B0   ; MefCoffeeMachine:INST|FFD:D2|Q ; CLK      ;
; N/A           ; None        ; -3.930 ns ; VL   ; MefCoffeeMachine:INST|FFD:D3|Q ; CLK      ;
; N/A           ; None        ; -3.972 ns ; B0   ; MefCoffeeMachine:INST|FFD:D3|Q ; CLK      ;
; N/A           ; None        ; -4.001 ns ; A    ; MefCoffeeMachine:INST|FFD:D3|Q ; CLK      ;
; N/A           ; None        ; -4.169 ns ; B0   ; MefCoffeeMachine:INST|FFD:D1|Q ; CLK      ;
; N/A           ; None        ; -4.184 ns ; VL   ; MefCoffeeMachine:INST|FFD:D0|Q ; CLK      ;
; N/A           ; None        ; -4.255 ns ; A    ; MefCoffeeMachine:INST|FFD:D0|Q ; CLK      ;
; N/A           ; None        ; -4.295 ns ; B1   ; MefCoffeeMachine:INST|FFD:D1|Q ; CLK      ;
; N/A           ; None        ; -4.396 ns ; SR   ; MefCoffeeMachine:INST|FFD:D3|Q ; CLK      ;
; N/A           ; None        ; -4.655 ns ; SP   ; MefCoffeeMachine:INST|FFD:D3|Q ; CLK      ;
; N/A           ; None        ; -5.139 ns ; VL   ; MefCoffeeMachine:INST|FFD:D1|Q ; CLK      ;
; N/A           ; None        ; -5.210 ns ; A    ; MefCoffeeMachine:INST|FFD:D1|Q ; CLK      ;
+---------------+-------------+-----------+------+--------------------------------+----------+


+--------------------------+
; Timing Analyzer Messages ;
+--------------------------+
Info: *******************************************************************
Info: Running Quartus II Classic Timing Analyzer
    Info: Version 9.0 Build 235 06/17/2009 Service Pack 2 SJ Web Edition
    Info: Processing started: Wed Jun 07 18:55:24 2023
Info: Command: quartus_tan --read_settings_files=off --write_settings_files=off MainCoffeeMachine -c MainCoffeeMachine
Info: Started post-fitting delay annotation
Info: Delay annotation completed successfully
Warning: Found pins functioning as undefined clocks and/or memory enables
    Info: Assuming node "CLK" is an undefined clock
Warning: Found 1 node(s) in clock paths which may be acting as ripple and/or gated clocks -- node(s) analyzed as buffer(s) resulting in clock skew
    Info: Detected ripple clock "Decoders:INST2|Contador:comb_4|FlipflopT:inst1|Q" as buffer
Info: Clock "CLK" has Internal fmax of 151.26 MHz between source register "MefCoffeeMachine:INST|FFD:D1|Q" and destination register "MefCoffeeMachine:INST|FFD:D0|Q" (period= 6.611 ns)
    Info: + Longest register to register delay is 5.902 ns
        Info: 1: + IC(0.000 ns) + CELL(0.000 ns) = 0.000 ns; Loc. = LC_X5_Y1_N5; Fanout = 21; REG Node = 'MefCoffeeMachine:INST|FFD:D1|Q'
        Info: 2: + IC(2.055 ns) + CELL(0.914 ns) = 2.969 ns; Loc. = LC_X6_Y1_N6; Fanout = 1; COMB Node = 'MefCoffeeMachine:INST|WideOr3~2'
        Info: 3: + IC(1.872 ns) + CELL(1.061 ns) = 5.902 ns; Loc. = LC_X4_Y1_N6; Fanout = 19; REG Node = 'MefCoffeeMachine:INST|FFD:D0|Q'
        Info: Total cell delay = 1.975 ns ( 33.46 % )
        Info: Total interconnect delay = 3.927 ns ( 66.54 % )
    Info: - Smallest clock skew is 0.000 ns
        Info: + Shortest clock path from clock "CLK" to destination register is 3.348 ns
            Info: 1: + IC(0.000 ns) + CELL(1.163 ns) = 1.163 ns; Loc. = PIN_14; Fanout = 5; CLK Node = 'CLK'
            Info: 2: + IC(1.267 ns) + CELL(0.918 ns) = 3.348 ns; Loc. = LC_X4_Y1_N6; Fanout = 19; REG Node = 'MefCoffeeMachine:INST|FFD:D0|Q'
            Info: Total cell delay = 2.081 ns ( 62.16 % )
            Info: Total interconnect delay = 1.267 ns ( 37.84 % )
        Info: - Longest clock path from clock "CLK" to source register is 3.348 ns
            Info: 1: + IC(0.000 ns) + CELL(1.163 ns) = 1.163 ns; Loc. = PIN_14; Fanout = 5; CLK Node = 'CLK'
            Info: 2: + IC(1.267 ns) + CELL(0.918 ns) = 3.348 ns; Loc. = LC_X5_Y1_N5; Fanout = 21; REG Node = 'MefCoffeeMachine:INST|FFD:D1|Q'
            Info: Total cell delay = 2.081 ns ( 62.16 % )
            Info: Total interconnect delay = 1.267 ns ( 37.84 % )
    Info: + Micro clock to output delay of source is 0.376 ns
    Info: + Micro setup delay of destination is 0.333 ns
Info: tsu for register "MefCoffeeMachine:INST|FFD:D1|Q" (data pin = "A", clock pin = "CLK") is 5.764 ns
    Info: + Longest pin to register delay is 8.779 ns
        Info: 1: + IC(0.000 ns) + CELL(1.132 ns) = 1.132 ns; Loc. = PIN_58; Fanout = 4; PIN Node = 'A'
        Info: 2: + IC(2.480 ns) + CELL(0.740 ns) = 4.352 ns; Loc. = LC_X5_Y1_N1; Fanout = 5; COMB Node = 'MefCoffeeMachine:INST|WideAnd8~0'
        Info: 3: + IC(0.724 ns) + CELL(0.200 ns) = 5.276 ns; Loc. = LC_X5_Y1_N9; Fanout = 1; COMB Node = 'MefCoffeeMachine:INST|WideOr2~0'
        Info: 4: + IC(0.717 ns) + CELL(0.740 ns) = 6.733 ns; Loc. = LC_X5_Y1_N8; Fanout = 1; COMB Node = 'MefCoffeeMachine:INST|WideOr2~1'
        Info: 5: + IC(0.721 ns) + CELL(0.200 ns) = 7.654 ns; Loc. = LC_X5_Y1_N4; Fanout = 1; COMB Node = 'MefCoffeeMachine:INST|WideOr2~2'
        Info: 6: + IC(0.534 ns) + CELL(0.591 ns) = 8.779 ns; Loc. = LC_X5_Y1_N5; Fanout = 21; REG Node = 'MefCoffeeMachine:INST|FFD:D1|Q'
        Info: Total cell delay = 3.603 ns ( 41.04 % )
        Info: Total interconnect delay = 5.176 ns ( 58.96 % )
    Info: + Micro setup delay of destination is 0.333 ns
    Info: - Shortest clock path from clock "CLK" to destination register is 3.348 ns
        Info: 1: + IC(0.000 ns) + CELL(1.163 ns) = 1.163 ns; Loc. = PIN_14; Fanout = 5; CLK Node = 'CLK'
        Info: 2: + IC(1.267 ns) + CELL(0.918 ns) = 3.348 ns; Loc. = LC_X5_Y1_N5; Fanout = 21; REG Node = 'MefCoffeeMachine:INST|FFD:D1|Q'
        Info: Total cell delay = 2.081 ns ( 62.16 % )
        Info: Total interconnect delay = 1.267 ns ( 37.84 % )
Info: tco from clock "CLK" to destination pin "M" through register "MefCoffeeMachine:INST|FFD:D2|Q" is 13.833 ns
    Info: + Longest clock path from clock "CLK" to source register is 3.348 ns
        Info: 1: + IC(0.000 ns) + CELL(1.163 ns) = 1.163 ns; Loc. = PIN_14; Fanout = 5; CLK Node = 'CLK'
        Info: 2: + IC(1.267 ns) + CELL(0.918 ns) = 3.348 ns; Loc. = LC_X6_Y2_N3; Fanout = 18; REG Node = 'MefCoffeeMachine:INST|FFD:D2|Q'
        Info: Total cell delay = 2.081 ns ( 62.16 % )
        Info: Total interconnect delay = 1.267 ns ( 37.84 % )
    Info: + Micro clock to output delay of source is 0.376 ns
    Info: + Longest register to pin delay is 10.109 ns
        Info: 1: + IC(0.000 ns) + CELL(0.000 ns) = 0.000 ns; Loc. = LC_X6_Y2_N3; Fanout = 18; REG Node = 'MefCoffeeMachine:INST|FFD:D2|Q'
        Info: 2: + IC(3.055 ns) + CELL(0.200 ns) = 3.255 ns; Loc. = LC_X6_Y1_N5; Fanout = 1; COMB Node = 'MefCoffeeMachine:INST|WideOr6~3'
        Info: 3: + IC(1.982 ns) + CELL(0.740 ns) = 5.977 ns; Loc. = LC_X4_Y1_N1; Fanout = 1; COMB Node = 'MefCoffeeMachine:INST|WideOr6~6'
        Info: 4: + IC(1.810 ns) + CELL(2.322 ns) = 10.109 ns; Loc. = PIN_19; Fanout = 0; PIN Node = 'M'
        Info: Total cell delay = 3.262 ns ( 32.27 % )
        Info: Total interconnect delay = 6.847 ns ( 67.73 % )
Info: Longest tpd from source pin "A" to destination pin "S2" is 12.122 ns
    Info: 1: + IC(0.000 ns) + CELL(1.132 ns) = 1.132 ns; Loc. = PIN_58; Fanout = 4; PIN Node = 'A'
    Info: 2: + IC(2.480 ns) + CELL(0.740 ns) = 4.352 ns; Loc. = LC_X5_Y1_N1; Fanout = 5; COMB Node = 'MefCoffeeMachine:INST|WideAnd8~0'
    Info: 3: + IC(2.295 ns) + CELL(0.200 ns) = 6.847 ns; Loc. = LC_X6_Y2_N8; Fanout = 1; COMB Node = 'MefCoffeeMachine:INST|S2~1'
    Info: 4: + IC(0.305 ns) + CELL(0.200 ns) = 7.352 ns; Loc. = LC_X6_Y2_N9; Fanout = 1; COMB Node = 'MefCoffeeMachine:INST|S2~2'
    Info: 5: + IC(2.448 ns) + CELL(2.322 ns) = 12.122 ns; Loc. = PIN_20; Fanout = 0; PIN Node = 'S2'
    Info: Total cell delay = 4.594 ns ( 37.90 % )
    Info: Total interconnect delay = 7.528 ns ( 62.10 % )
Info: th for register "MefCoffeeMachine:INST|FFD:D2|Q" (data pin = "SR", clock pin = "CLK") is -2.109 ns
    Info: + Longest clock path from clock "CLK" to destination register is 3.348 ns
        Info: 1: + IC(0.000 ns) + CELL(1.163 ns) = 1.163 ns; Loc. = PIN_14; Fanout = 5; CLK Node = 'CLK'
        Info: 2: + IC(1.267 ns) + CELL(0.918 ns) = 3.348 ns; Loc. = LC_X6_Y2_N3; Fanout = 18; REG Node = 'MefCoffeeMachine:INST|FFD:D2|Q'
        Info: Total cell delay = 2.081 ns ( 62.16 % )
        Info: Total interconnect delay = 1.267 ns ( 37.84 % )
    Info: + Micro hold delay of destination is 0.221 ns
    Info: - Shortest pin to register delay is 5.678 ns
        Info: 1: + IC(0.000 ns) + CELL(1.132 ns) = 1.132 ns; Loc. = PIN_35; Fanout = 11; PIN Node = 'SR'
        Info: 2: + IC(2.945 ns) + CELL(0.200 ns) = 4.277 ns; Loc. = LC_X6_Y2_N1; Fanout = 2; COMB Node = 'MefCoffeeMachine:INST|WideAnd21~1'
        Info: 3: + IC(0.305 ns) + CELL(0.200 ns) = 4.782 ns; Loc. = LC_X6_Y2_N2; Fanout = 1; COMB Node = 'MefCoffeeMachine:INST|WideAnd5~2'
        Info: 4: + IC(0.305 ns) + CELL(0.591 ns) = 5.678 ns; Loc. = LC_X6_Y2_N3; Fanout = 18; REG Node = 'MefCoffeeMachine:INST|FFD:D2|Q'
        Info: Total cell delay = 2.123 ns ( 37.39 % )
        Info: Total interconnect delay = 3.555 ns ( 62.61 % )
Info: Quartus II Classic Timing Analyzer was successful. 0 errors, 2 warnings
    Info: Peak virtual memory: 176 megabytes
    Info: Processing ended: Wed Jun 07 18:55:24 2023
    Info: Elapsed time: 00:00:00
    Info: Total CPU time (on all processors): 00:00:00


