Classic Timing Analyzer report for coffeeMachine
Wed May 31 17:20:41 2023
Quartus II Version 9.0 Build 235 06/17/2009 Service Pack 2 SJ Web Edition


---------------------
; Table of Contents ;
---------------------
  1. Legal Notice
  2. Timing Analyzer Summary
  3. Timing Analyzer Settings
  4. Clock Settings Summary
  5. Parallel Compilation
  6. Clock Setup: 'CLK'
  7. tco
  8. Timing Analyzer Messages



----------------
; Legal Notice ;
----------------
Copyright (C) 1991-2009 Altera Corporation
Your use of Altera Corporation's design tools, logic functions 
and other software and tools, and its AMPP partner logic 
functions, and any output files from any of the foregoing 
(including device programming or simulation files), and any 
associated documentation or information are expressly subject 
to the terms and conditions of the Altera Program License 
Subscription Agreement, Altera MegaCore Function License 
Agreement, or other applicable license agreement, including, 
without limitation, that your use is for the sole purpose of 
programming logic devices manufactured by Altera and sold by 
Altera or its authorized distributors.  Please refer to the 
applicable agreement for further details.



+----------------------------------------------------------------------------------------------------------------------------------------------------------------------------------------------------------------------+
; Timing Analyzer Summary                                                                                                                                                                                              ;
+------------------------------+-------+---------------+------------------------------------------------+-----------------------------------+-----------------------------------+------------+----------+--------------+
; Type                         ; Slack ; Required Time ; Actual Time                                    ; From                              ; To                                ; From Clock ; To Clock ; Failed Paths ;
+------------------------------+-------+---------------+------------------------------------------------+-----------------------------------+-----------------------------------+------------+----------+--------------+
; Worst-case tco               ; N/A   ; None          ; 13.048 ns                                      ; contador:comb_4|FlipflopT:inst2|Q ; f                                 ; CLK        ; --       ; 0            ;
; Clock Setup: 'CLK'           ; N/A   ; None          ; Restricted to 304.04 MHz ( period = 3.289 ns ) ; contador:comb_4|FlipflopT:inst1|Q ; contador:comb_4|FlipflopT:inst1|Q ; CLK        ; CLK      ; 0            ;
; Total number of failed paths ;       ;               ;                                                ;                                   ;                                   ;            ;          ; 0            ;
+------------------------------+-------+---------------+------------------------------------------------+-----------------------------------+-----------------------------------+------------+----------+--------------+


+--------------------------------------------------------------------------------------------------------------------+
; Timing Analyzer Settings                                                                                           ;
+---------------------------------------------------------------------+--------------------+------+----+-------------+
; Option                                                              ; Setting            ; From ; To ; Entity Name ;
+---------------------------------------------------------------------+--------------------+------+----+-------------+
; Device Name                                                         ; EPM240T100C5       ;      ;    ;             ;
; Timing Models                                                       ; Final              ;      ;    ;             ;
; Default hold multicycle                                             ; Same as Multicycle ;      ;    ;             ;
; Cut paths between unrelated clock domains                           ; On                 ;      ;    ;             ;
; Cut off read during write signal paths                              ; On                 ;      ;    ;             ;
; Cut off feedback from I/O pins                                      ; On                 ;      ;    ;             ;
; Report Combined Fast/Slow Timing                                    ; Off                ;      ;    ;             ;
; Ignore Clock Settings                                               ; Off                ;      ;    ;             ;
; Analyze latches as synchronous elements                             ; On                 ;      ;    ;             ;
; Enable Recovery/Removal analysis                                    ; Off                ;      ;    ;             ;
; Enable Clock Latency                                                ; Off                ;      ;    ;             ;
; Use TimeQuest Timing Analyzer                                       ; Off                ;      ;    ;             ;
; Minimum Core Junction Temperature                                   ; 0                  ;      ;    ;             ;
; Maximum Core Junction Temperature                                   ; 85                 ;      ;    ;             ;
; Number of source nodes to report per destination node               ; 10                 ;      ;    ;             ;
; Number of destination nodes to report                               ; 10                 ;      ;    ;             ;
; Number of paths to report                                           ; 200                ;      ;    ;             ;
; Report Minimum Timing Checks                                        ; Off                ;      ;    ;             ;
; Use Fast Timing Models                                              ; Off                ;      ;    ;             ;
; Report IO Paths Separately                                          ; Off                ;      ;    ;             ;
; Perform Multicorner Analysis                                        ; Off                ;      ;    ;             ;
; Reports the worst-case path for each clock domain and analysis      ; Off                ;      ;    ;             ;
; Removes common clock path pessimism (CCPP) during slack computation ; Off                ;      ;    ;             ;
; Output I/O Timing Endpoint                                          ; Near End           ;      ;    ;             ;
+---------------------------------------------------------------------+--------------------+------+----+-------------+


+------------------------------------------------------------------------------------------------------------------------------------------------------------------------------------+
; Clock Settings Summary                                                                                                                                                             ;
+-----------------+--------------------+----------+------------------+---------------+--------------+----------+-----------------------+---------------------+--------+--------------+
; Clock Node Name ; Clock Setting Name ; Type     ; Fmax Requirement ; Early Latency ; Late Latency ; Based on ; Multiply Base Fmax by ; Divide Base Fmax by ; Offset ; Phase offset ;
+-----------------+--------------------+----------+------------------+---------------+--------------+----------+-----------------------+---------------------+--------+--------------+
; CLK             ;                    ; User Pin ; None             ; 0.000 ns      ; 0.000 ns     ; --       ; N/A                   ; N/A                 ; N/A    ;              ;
+-----------------+--------------------+----------+------------------+---------------+--------------+----------+-----------------------+---------------------+--------+--------------+


Parallel compilation was disabled, but you have multiple processors available. Enable parallel compilation to reduce compilation time.
+-------------------------------------+
; Parallel Compilation                ;
+----------------------------+--------+
; Processors                 ; Number ;
+----------------------------+--------+
; Number detected on machine ; 4      ;
; Maximum allowed            ; 1      ;
+----------------------------+--------+


+--------------------------------------------------------------------------------------------------------------------------------------------------------------------------------------------------------------------------------------------+
; Clock Setup: 'CLK'                                                                                                                                                                                                                         ;
+-------+------------------------------------------------+-----------------------------------+-----------------------------------+------------+----------+-----------------------------+---------------------------+-------------------------+
; Slack ; Actual fmax (period)                           ; From                              ; To                                ; From Clock ; To Clock ; Required Setup Relationship ; Required Longest P2P Time ; Actual Longest P2P Time ;
+-------+------------------------------------------------+-----------------------------------+-----------------------------------+------------+----------+-----------------------------+---------------------------+-------------------------+
; N/A   ; Restricted to 304.04 MHz ( period = 3.289 ns ) ; contador:comb_4|FlipflopT:inst1|Q ; contador:comb_4|FlipflopT:inst1|Q ; CLK        ; CLK      ; None                        ; None                      ; 1.559 ns                ;
; N/A   ; Restricted to 304.04 MHz ( period = 3.289 ns ) ; contador:comb_4|FlipflopT:inst2|Q ; contador:comb_4|FlipflopT:inst2|Q ; CLK        ; CLK      ; None                        ; None                      ; 1.555 ns                ;
+-------+------------------------------------------------+-----------------------------------+-----------------------------------+------------+----------+-----------------------------+---------------------------+-------------------------+


+-----------------------------------------------------------------------------------------+
; tco                                                                                     ;
+-------+--------------+------------+-----------------------------------+----+------------+
; Slack ; Required tco ; Actual tco ; From                              ; To ; From Clock ;
+-------+--------------+------------+-----------------------------------+----+------------+
; N/A   ; None         ; 13.048 ns  ; contador:comb_4|FlipflopT:inst2|Q ; f  ; CLK        ;
; N/A   ; None         ; 12.512 ns  ; contador:comb_4|FlipflopT:inst2|Q ; a  ; CLK        ;
; N/A   ; None         ; 12.347 ns  ; contador:comb_4|FlipflopT:inst2|Q ; e  ; CLK        ;
; N/A   ; None         ; 12.347 ns  ; contador:comb_4|FlipflopT:inst2|Q ; d  ; CLK        ;
; N/A   ; None         ; 11.641 ns  ; contador:comb_4|FlipflopT:inst2|Q ; g  ; CLK        ;
; N/A   ; None         ; 11.372 ns  ; contador:comb_4|FlipflopT:inst1|Q ; f  ; CLK        ;
; N/A   ; None         ; 10.836 ns  ; contador:comb_4|FlipflopT:inst1|Q ; a  ; CLK        ;
; N/A   ; None         ; 10.671 ns  ; contador:comb_4|FlipflopT:inst1|Q ; e  ; CLK        ;
; N/A   ; None         ; 10.671 ns  ; contador:comb_4|FlipflopT:inst1|Q ; d  ; CLK        ;
; N/A   ; None         ; 9.355 ns   ; contador:comb_4|FlipflopT:inst1|Q ; b  ; CLK        ;
; N/A   ; None         ; 8.873 ns   ; contador:comb_4|FlipflopT:inst1|Q ; g  ; CLK        ;
; N/A   ; None         ; 8.523 ns   ; contador:comb_4|FlipflopT:inst1|Q ; c  ; CLK        ;
+-------+--------------+------------+-----------------------------------+----+------------+


+--------------------------+
; Timing Analyzer Messages ;
+--------------------------+
Info: *******************************************************************
Info: Running Quartus II Classic Timing Analyzer
    Info: Version 9.0 Build 235 06/17/2009 Service Pack 2 SJ Web Edition
    Info: Processing started: Wed May 31 17:20:41 2023
Info: Command: quartus_tan --read_settings_files=off --write_settings_files=off coffeeMachine -c coffeeMachine
Info: Started post-fitting delay annotation
Info: Delay annotation completed successfully
Warning: Found pins functioning as undefined clocks and/or memory enables
    Info: Assuming node "CLK" is an undefined clock
Warning: Found 1 node(s) in clock paths which may be acting as ripple and/or gated clocks -- node(s) analyzed as buffer(s) resulting in clock skew
    Info: Detected ripple clock "contador:comb_4|FlipflopT:inst1|Q" as buffer
Info: Clock "CLK" Internal fmax is restricted to 304.04 MHz between source register "contador:comb_4|FlipflopT:inst1|Q" and destination register "contador:comb_4|FlipflopT:inst1|Q"
    Info: fmax restricted to clock pin edge rate 3.289 ns. Expand message to see actual delay path.
        Info: + Longest register to register delay is 1.559 ns
            Info: 1: + IC(0.000 ns) + CELL(0.000 ns) = 0.000 ns; Loc. = LC_X2_Y4_N2; Fanout = 6; REG Node = 'contador:comb_4|FlipflopT:inst1|Q'
            Info: 2: + IC(0.968 ns) + CELL(0.591 ns) = 1.559 ns; Loc. = LC_X2_Y4_N2; Fanout = 6; REG Node = 'contador:comb_4|FlipflopT:inst1|Q'
            Info: Total cell delay = 0.591 ns ( 37.91 % )
            Info: Total interconnect delay = 0.968 ns ( 62.09 % )
        Info: - Smallest clock skew is 0.000 ns
            Info: + Shortest clock path from clock "CLK" to destination register is 4.360 ns
                Info: 1: + IC(0.000 ns) + CELL(1.132 ns) = 1.132 ns; Loc. = PIN_72; Fanout = 1; CLK Node = 'CLK'
                Info: 2: + IC(2.310 ns) + CELL(0.918 ns) = 4.360 ns; Loc. = LC_X2_Y4_N2; Fanout = 6; REG Node = 'contador:comb_4|FlipflopT:inst1|Q'
                Info: Total cell delay = 2.050 ns ( 47.02 % )
                Info: Total interconnect delay = 2.310 ns ( 52.98 % )
            Info: - Longest clock path from clock "CLK" to source register is 4.360 ns
                Info: 1: + IC(0.000 ns) + CELL(1.132 ns) = 1.132 ns; Loc. = PIN_72; Fanout = 1; CLK Node = 'CLK'
                Info: 2: + IC(2.310 ns) + CELL(0.918 ns) = 4.360 ns; Loc. = LC_X2_Y4_N2; Fanout = 6; REG Node = 'contador:comb_4|FlipflopT:inst1|Q'
                Info: Total cell delay = 2.050 ns ( 47.02 % )
                Info: Total interconnect delay = 2.310 ns ( 52.98 % )
        Info: + Micro clock to output delay of source is 0.376 ns
        Info: + Micro setup delay of destination is 0.333 ns
Info: tco from clock "CLK" to destination pin "f" through register "contador:comb_4|FlipflopT:inst2|Q" is 13.048 ns
    Info: + Longest clock path from clock "CLK" to source register is 6.590 ns
        Info: 1: + IC(0.000 ns) + CELL(1.132 ns) = 1.132 ns; Loc. = PIN_72; Fanout = 1; CLK Node = 'CLK'
        Info: 2: + IC(2.310 ns) + CELL(1.294 ns) = 4.736 ns; Loc. = LC_X2_Y4_N2; Fanout = 6; REG Node = 'contador:comb_4|FlipflopT:inst1|Q'
        Info: 3: + IC(0.936 ns) + CELL(0.918 ns) = 6.590 ns; Loc. = LC_X2_Y4_N9; Fanout = 3; REG Node = 'contador:comb_4|FlipflopT:inst2|Q'
        Info: Total cell delay = 3.344 ns ( 50.74 % )
        Info: Total interconnect delay = 3.246 ns ( 49.26 % )
    Info: + Micro clock to output delay of source is 0.376 ns
    Info: + Longest register to pin delay is 6.082 ns
        Info: 1: + IC(0.000 ns) + CELL(0.000 ns) = 0.000 ns; Loc. = LC_X2_Y4_N9; Fanout = 3; REG Node = 'contador:comb_4|FlipflopT:inst2|Q'
        Info: 2: + IC(0.968 ns) + CELL(0.200 ns) = 1.168 ns; Loc. = LC_X2_Y4_N5; Fanout = 4; COMB Node = 'interfaceS0:inst1|WideOr0~0'
        Info: 3: + IC(2.592 ns) + CELL(2.322 ns) = 6.082 ns; Loc. = PIN_36; Fanout = 0; PIN Node = 'f'
        Info: Total cell delay = 2.522 ns ( 41.47 % )
        Info: Total interconnect delay = 3.560 ns ( 58.53 % )
Info: Quartus II Classic Timing Analyzer was successful. 0 errors, 2 warnings
    Info: Peak virtual memory: 176 megabytes
    Info: Processing ended: Wed May 31 17:20:41 2023
    Info: Elapsed time: 00:00:00
    Info: Total CPU time (on all processors): 00:00:00


